# JRE version: OpenJDK Runtime Environment Microsoft-10376486 (17.0.13+11) (build 17.0.13+11-LTS)
# Java VM: OpenJDK 64-Bit Server VM Microsoft-10376486 (17.0.13+11-LTS, mixed mode, sharing, tiered, compressed oops, compressed class ptrs, g1 gc, windows-amd64)
GC Precious Log:
 CPUs: 8 total, 8 available
 Memory: 16221M
 Large Page Support: Disabled
 NUMA Support: Disabled
 Compressed Oops: Enabled (Zero based)
 Heap Region Size: 4M
 Heap Min Capacity: 8M
 Heap Initial Capacity: 256M
 Heap Max Capacity: 8G
 Pre-touch: Disabled
 Parallel Workers: 8
 Concurrent Workers: 2
 Concurrent Refinement Workers: 8
 Periodic GC: Disabled
Heap:
 garbage-first heap   total 118784K, used 83229K [0x0000000600000000, 0x0000000800000000)
  region size 4096K, 7 young (28672K), 2 survivors (8192K)
 Metaspace       used 69464K, committed 70336K, reserved 1114112K
  class space    used 9799K, committed 10176K, reserved 1048576K
GC Heap History (20 events):
Event: 105.953 GC heap before
{Heap before GC invocations=16 (full 0):
 garbage-first heap   total 110592K, used 78592K [0x0000000600000000, 0x0000000800000000)
  region size 4096K, 10 young (40960K), 1 survivors (4096K)
 Metaspace       used 48652K, committed 49344K, reserved 1114112K
  class space    used 6809K, committed 7104K, reserved 1048576K
}
Event: 105.956 GC heap after
{Heap after GC invocations=17 (full 0):
 garbage-first heap   total 110592K, used 42238K [0x0000000600000000, 0x0000000800000000)
  region size 4096K, 2 young (8192K), 2 survivors (8192K)
 Metaspace       used 48652K, committed 49344K, reserved 1114112K
  class space    used 6809K, committed 7104K, reserved 1048576K
}
Event: 107.010 GC heap before
{Heap before GC invocations=17 (full 0):
 garbage-first heap   total 110592K, used 79102K [0x0000000600000000, 0x0000000800000000)
  region size 4096K, 11 young (45056K), 2 survivors (8192K)
 Metaspace       used 51632K, committed 52288K, reserved 1114112K
  class space    used 7271K, committed 7552K, reserved 1048576K
}
Event: 107.017 GC heap after
{Heap after GC invocations=18 (full 0):
 garbage-first heap   total 110592K, used 44482K [0x0000000600000000, 0x0000000800000000)
  region size 4096K, 2 young (8192K), 2 survivors (8192K)
 Metaspace       used 51632K, committed 52288K, reserved 1114112K
  class space    used 7271K, committed 7552K, reserved 1048576K
}
Event: 107.843 GC heap before
{Heap before GC invocations=18 (full 0):
 garbage-first heap   total 110592K, used 81346K [0x0000000600000000, 0x0000000800000000)
  region size 4096K, 11 young (45056K), 2 survivors (8192K)
 Metaspace       used 53686K, committed 54400K, reserved 1114112K
  class space    used 7579K, committed 7872K, reserved 1048576K
}
Event: 107.849 GC heap after
{Heap after GC invocations=19 (full 0):
 garbage-first heap   total 110592K, used 45853K [0x0000000600000000, 0x0000000800000000)
  region size 4096K, 2 young (8192K), 2 survivors (8192K)
 Metaspace       used 53686K, committed 54400K, reserved 1114112K
  class space    used 7579K, committed 7872K, reserved 1048576K
}
Event: 108.608 GC heap before
{Heap before GC invocations=19 (full 0):
 garbage-first heap   total 110592K, used 82717K [0x0000000600000000, 0x0000000800000000)
  region size 4096K, 11 young (45056K), 2 survivors (8192K)
 Metaspace       used 56564K, committed 57280K, reserved 1114112K
  class space    used 8013K, committed 8320K, reserved 1048576K
}
Event: 108.612 GC heap after
{Heap after GC invocations=20 (full 0):
 garbage-first heap   total 110592K, used 54388K [0x0000000600000000, 0x0000000800000000)
  region size 4096K, 2 young (8192K), 2 survivors (8192K)
 Metaspace       used 56564K, committed 57280K, reserved 1114112K
  class space    used 8013K, committed 8320K, reserved 1048576K
}
Event: 108.859 GC heap before
{Heap before GC invocations=20 (full 0):
 garbage-first heap   total 110592K, used 83060K [0x0000000600000000, 0x0000000800000000)
  region size 4096K, 9 young (36864K), 2 survivors (8192K)
 Metaspace       used 59318K, committed 60032K, reserved 1114112K
  class space    used 8380K, committed 8704K, reserved 1048576K
}
Event: 108.863 GC heap after
{Heap after GC invocations=21 (full 0):
 garbage-first heap   total 110592K, used 55988K [0x0000000600000000, 0x0000000800000000)
  region size 4096K, 1 young (4096K), 1 survivors (4096K)
 Metaspace       used 59318K, committed 60032K, reserved 1114112K
  class space    used 8380K, committed 8704K, reserved 1048576K
}
Event: 109.285 GC heap before
{Heap before GC invocations=21 (full 0):
 garbage-first heap   total 110592K, used 80564K [0x0000000600000000, 0x0000000800000000)
  region size 4096K, 8 young (32768K), 1 survivors (4096K)
 Metaspace       used 62105K, committed 62848K, reserved 1114112K
  class space    used 8752K, committed 9088K, reserved 1048576K
}
Event: 109.288 GC heap after
{Heap after GC invocations=22 (full 0):
 garbage-first heap   total 110592K, used 56844K [0x0000000600000000, 0x0000000800000000)
  region size 4096K, 1 young (4096K), 1 survivors (4096K)
 Metaspace       used 62105K, committed 62848K, reserved 1114112K
  class space    used 8752K, committed 9088K, reserved 1048576K
}
Event: 109.691 GC heap before
{Heap before GC invocations=23 (full 0):
 garbage-first heap   total 110592K, used 77324K [0x0000000600000000, 0x0000000800000000)
  region size 4096K, 8 young (32768K), 1 survivors (4096K)
 Metaspace       used 63726K, committed 64448K, reserved 1114112K
  class space    used 8974K, committed 9344K, reserved 1048576K
}
Event: 109.694 GC heap after
{Heap after GC invocations=24 (full 0):
 garbage-first heap   total 110592K, used 57801K [0x0000000600000000, 0x0000000800000000)
  region size 4096K, 1 young (4096K), 1 survivors (4096K)
 Metaspace       used 63726K, committed 64448K, reserved 1114112K
  class space    used 8974K, committed 9344K, reserved 1048576K
}
Event: 110.427 GC heap before
{Heap before GC invocations=25 (full 0):
 garbage-first heap   total 118784K, used 90569K [0x0000000600000000, 0x0000000800000000)
  region size 4096K, 8 young (32768K), 1 survivors (4096K)
 Metaspace       used 65372K, committed 66176K, reserved 1114112K
  class space    used 9223K, committed 9600K, reserved 1048576K
}
Event: 110.446 GC heap after
{Heap after GC invocations=26 (full 0):
 garbage-first heap   total 118784K, used 63056K [0x0000000600000000, 0x0000000800000000)
  region size 4096K, 1 young (4096K), 1 survivors (4096K)
 Metaspace       used 65372K, committed 66176K, reserved 1114112K
  class space    used 9223K, committed 9600K, reserved 1048576K
}
Event: 110.933 GC heap before
{Heap before GC invocations=26 (full 0):
 garbage-first heap   total 118784K, used 95824K [0x0000000600000000, 0x0000000800000000)
  region size 4096K, 9 young (36864K), 1 survivors (4096K)
 Metaspace       used 67188K, committed 67968K, reserved 1114112K
  class space    used 9483K, committed 9856K, reserved 1048576K
}
Event: 110.936 GC heap after
{Heap after GC invocations=27 (full 0):
 garbage-first heap   total 118784K, used 64831K [0x0000000600000000, 0x0000000800000000)
  region size 4096K, 1 young (4096K), 1 survivors (4096K)
 Metaspace       used 67188K, committed 67968K, reserved 1114112K
  class space    used 9483K, committed 9856K, reserved 1048576K
}
Event: 111.699 GC heap before
{Heap before GC invocations=28 (full 0):
 garbage-first heap   total 118784K, used 97599K [0x0000000600000000, 0x0000000800000000)
  region size 4096K, 9 young (36864K), 1 survivors (4096K)
 Metaspace       used 69127K, committed 69888K, reserved 1114112K
  class space    used 9750K, committed 10112K, reserved 1048576K
}
Event: 111.703 GC heap after
{Heap after GC invocations=29 (full 0):
 garbage-first heap   total 118784K, used 66845K [0x0000000600000000, 0x0000000800000000)
  region size 4096K, 2 young (8192K), 2 survivors (8192K)
 Metaspace       used 69127K, committed 69888K, reserved 1114112K
  class space    used 9750K, committed 10112K, reserved 1048576K
}

