# JRE version: OpenJDK Runtime Environment Temurin-21.0.10+7 (21.0.10+7) (build 21.0.10+7-LTS)
# Java VM: OpenJDK 64-Bit Server VM Temurin-21.0.10+7 (21.0.10+7-LTS, mixed mode, sharing, tiered, compressed oops, compressed class ptrs, parallel gc, windows-amd64)
GC Precious Log:
 CardTable entry size: 512
 CPUs: 8 total, 8 available
 Memory: 16221M
 Large Page Support: Disabled
 NUMA Support: Disabled
 Compressed Oops: Enabled (32-bit)
 Alignments: Space 512K, Generation 512K, Heap 2M
 Heap Min Capacity: 100M
 Heap Initial Capacity: 100M
 Heap Max Capacity: 2G
 Pre-touch: Disabled
 Parallel Workers: 8
Heap:
 PSYoungGen      total 17920K, used 17903K [0x00000000d5580000, 0x00000000d6e80000, 0x0000000100000000)
  eden space 13312K, 100% used [0x00000000d5580000,0x00000000d6280000,0x00000000d6280000)
  from space 4608K, 99% used [0x00000000d6a00000,0x00000000d6e7be68,0x00000000d6e80000)
  to   space 4608K, 99% used [0x00000000d6280000,0x00000000d66fc300,0x00000000d6700000)
 ParOldGen       total 297984K, used 297979K [0x0000000080000000, 0x0000000092300000, 0x00000000d5580000)
  object space 297984K, 99% used [0x0000000080000000,0x00000000922fefd0,0x0000000092300000)
 Metaspace       used 60799K, committed 62336K, reserved 1114112K
  class space    used 7225K, committed 7936K, reserved 1048576K
GC Heap History (20 events):
Event: 35.962 GC heap before
{Heap before GC invocations=162 (full 3):
 PSYoungGen      total 12800K, used 12524K [0x00000000d5580000, 0x00000000d6780000, 0x0000000100000000)
  eden space 10240K, 100% used [0x00000000d5580000,0x00000000d5f80000,0x00000000d5f80000)
  from space 2560K, 89% used [0x00000000d6500000,0x00000000d673b3b8,0x00000000d6780000)
  to   space 2560K, 0% used [0x00000000d5f80000,0x00000000d5f80000,0x00000000d6200000)
 ParOldGen       total 269824K, used 269474K [0x0000000080000000, 0x0000000090780000, 0x00000000d5580000)
  object space 269824K, 99% used [0x0000000080000000,0x00000000907288f0,0x0000000090780000)
 Metaspace       used 60395K, committed 61952K, reserved 1114112K
  class space    used 7169K, committed 7872K, reserved 1048576K
}
Event: 35.981 GC heap after
{Heap after GC invocations=162 (full 3):
 PSYoungGen      total 12800K, used 2384K [0x00000000d5580000, 0x00000000d6580000, 0x0000000100000000)
  eden space 10240K, 0% used [0x00000000d5580000,0x00000000d5580000,0x00000000d5f80000)
  from space 2560K, 93% used [0x00000000d5f80000,0x00000000d61d4108,0x00000000d6200000)
  to   space 2560K, 0% used [0x00000000d6300000,0x00000000d6300000,0x00000000d6580000)
 ParOldGen       total 271872K, used 271596K [0x0000000080000000, 0x0000000090980000, 0x00000000d5580000)
  object space 271872K, 99% used [0x0000000080000000,0x000000009093b220,0x0000000090980000)
 Metaspace       used 60395K, committed 61952K, reserved 1114112K
  class space    used 7169K, committed 7872K, reserved 1048576K
}
Event: 36.042 GC heap before
{Heap before GC invocations=163 (full 3):
 PSYoungGen      total 12800K, used 12624K [0x00000000d5580000, 0x00000000d6580000, 0x0000000100000000)
  eden space 10240K, 100% used [0x00000000d5580000,0x00000000d5f80000,0x00000000d5f80000)
  from space 2560K, 93% used [0x00000000d5f80000,0x00000000d61d4108,0x00000000d6200000)
  to   space 2560K, 0% used [0x00000000d6300000,0x00000000d6300000,0x00000000d6580000)
 ParOldGen       total 271872K, used 271596K [0x0000000080000000, 0x0000000090980000, 0x00000000d5580000)
  object space 271872K, 99% used [0x0000000080000000,0x000000009093b220,0x0000000090980000)
 Metaspace       used 60396K, committed 61952K, reserved 1114112K
  class space    used 7169K, committed 7872K, reserved 1048576K
}
Event: 36.063 GC heap after
{Heap after GC invocations=163 (full 3):
 PSYoungGen      total 13824K, used 2343K [0x00000000d5580000, 0x00000000d6680000, 0x0000000100000000)
  eden space 11264K, 0% used [0x00000000d5580000,0x00000000d5580000,0x00000000d6080000)
  from space 2560K, 91% used [0x00000000d6300000,0x00000000d6549eb8,0x00000000d6580000)
  to   space 2560K, 0% used [0x00000000d6080000,0x00000000d6080000,0x00000000d6300000)
 ParOldGen       total 273920K, used 273774K [0x0000000080000000, 0x0000000090b80000, 0x00000000d5580000)
  object space 273920K, 99% used [0x0000000080000000,0x0000000090b5b8a8,0x0000000090b80000)
 Metaspace       used 60396K, committed 61952K, reserved 1114112K
  class space    used 7169K, committed 7872K, reserved 1048576K
}
Event: 36.111 GC heap before
{Heap before GC invocations=164 (full 3):
 PSYoungGen      total 13824K, used 13607K [0x00000000d5580000, 0x00000000d6680000, 0x0000000100000000)
  eden space 11264K, 100% used [0x00000000d5580000,0x00000000d6080000,0x00000000d6080000)
  from space 2560K, 91% used [0x00000000d6300000,0x00000000d6549eb8,0x00000000d6580000)
  to   space 2560K, 0% used [0x00000000d6080000,0x00000000d6080000,0x00000000d6300000)
 ParOldGen       total 273920K, used 273774K [0x0000000080000000, 0x0000000090b80000, 0x00000000d5580000)
  object space 273920K, 99% used [0x0000000080000000,0x0000000090b5b8a8,0x0000000090b80000)
 Metaspace       used 60396K, committed 61952K, reserved 1114112K
  class space    used 7169K, committed 7872K, reserved 1048576K
}
Event: 36.128 GC heap after
{Heap after GC invocations=164 (full 3):
 PSYoungGen      total 13824K, used 2536K [0x00000000d5580000, 0x00000000d6b80000, 0x0000000100000000)
  eden space 11264K, 0% used [0x00000000d5580000,0x00000000d5580000,0x00000000d6080000)
  from space 2560K, 99% used [0x00000000d6080000,0x00000000d62fa3a8,0x00000000d6300000)
  to   space 5632K, 0% used [0x00000000d6600000,0x00000000d6600000,0x00000000d6b80000)
 ParOldGen       total 276480K, used 276047K [0x0000000080000000, 0x0000000090e00000, 0x00000000d5580000)
  object space 276480K, 99% used [0x0000000080000000,0x0000000090d93d70,0x0000000090e00000)
 Metaspace       used 60396K, committed 61952K, reserved 1114112K
  class space    used 7169K, committed 7872K, reserved 1048576K
}
Event: 36.178 GC heap before
{Heap before GC invocations=165 (full 3):
 PSYoungGen      total 13824K, used 13800K [0x00000000d5580000, 0x00000000d6b80000, 0x0000000100000000)
  eden space 11264K, 100% used [0x00000000d5580000,0x00000000d6080000,0x00000000d6080000)
  from space 2560K, 99% used [0x00000000d6080000,0x00000000d62fa3a8,0x00000000d6300000)
  to   space 5632K, 0% used [0x00000000d6600000,0x00000000d6600000,0x00000000d6b80000)
 ParOldGen       total 276480K, used 276047K [0x0000000080000000, 0x0000000090e00000, 0x00000000d5580000)
  object space 276480K, 99% used [0x0000000080000000,0x0000000090d93d70,0x0000000090e00000)
 Metaspace       used 60396K, committed 61952K, reserved 1114112K
  class space    used 7169K, committed 7872K, reserved 1048576K
}
Event: 36.182 GC heap after
{Heap after GC invocations=165 (full 3):
 PSYoungGen      total 14336K, used 2561K [0x00000000d5580000, 0x00000000d6900000, 0x0000000100000000)
  eden space 11264K, 0% used [0x00000000d5580000,0x00000000d5580000,0x00000000d6080000)
  from space 3072K, 83% used [0x00000000d6600000,0x00000000d6880590,0x00000000d6900000)
  to   space 3584K, 0% used [0x00000000d6200000,0x00000000d6200000,0x00000000d6580000)
 ParOldGen       total 278528K, used 278441K [0x0000000080000000, 0x0000000091000000, 0x00000000d5580000)
  object space 278528K, 99% used [0x0000000080000000,0x0000000090fea548,0x0000000091000000)
 Metaspace       used 60396K, committed 61952K, reserved 1114112K
  class space    used 7169K, committed 7872K, reserved 1048576K
}
Event: 36.221 GC heap before
{Heap before GC invocations=166 (full 3):
 PSYoungGen      total 14336K, used 13825K [0x00000000d5580000, 0x00000000d6900000, 0x0000000100000000)
  eden space 11264K, 100% used [0x00000000d5580000,0x00000000d6080000,0x00000000d6080000)
  from space 3072K, 83% used [0x00000000d6600000,0x00000000d6880590,0x00000000d6900000)
  to   space 3584K, 0% used [0x00000000d6200000,0x00000000d6200000,0x00000000d6580000)
 ParOldGen       total 278528K, used 278441K [0x0000000080000000, 0x0000000091000000, 0x00000000d5580000)
  object space 278528K, 99% used [0x0000000080000000,0x0000000090fea548,0x0000000091000000)
 Metaspace       used 60396K, committed 61952K, reserved 1114112K
  class space    used 7169K, committed 7872K, reserved 1048576K
}
Event: 36.236 GC heap after
{Heap after GC invocations=166 (full 3):
 PSYoungGen      total 14848K, used 3455K [0x00000000d5580000, 0x00000000d6880000, 0x0000000100000000)
  eden space 11264K, 0% used [0x00000000d5580000,0x00000000d5580000,0x00000000d6080000)
  from space 3584K, 96% used [0x00000000d6200000,0x00000000d655ff10,0x00000000d6580000)
  to   space 3072K, 0% used [0x00000000d6580000,0x00000000d6580000,0x00000000d6880000)
 ParOldGen       total 281088K, used 280840K [0x0000000080000000, 0x0000000091280000, 0x00000000d5580000)
  object space 281088K, 99% used [0x0000000080000000,0x0000000091242300,0x0000000091280000)
 Metaspace       used 60396K, committed 61952K, reserved 1114112K
  class space    used 7169K, committed 7872K, reserved 1048576K
}
Event: 36.312 GC heap before
{Heap before GC invocations=167 (full 3):
 PSYoungGen      total 14848K, used 14719K [0x00000000d5580000, 0x00000000d6880000, 0x0000000100000000)
  eden space 11264K, 100% used [0x00000000d5580000,0x00000000d6080000,0x00000000d6080000)
  from space 3584K, 96% used [0x00000000d6200000,0x00000000d655ff10,0x00000000d6580000)
  to   space 3072K, 0% used [0x00000000d6580000,0x00000000d6580000,0x00000000d6880000)
 ParOldGen       total 281088K, used 280840K [0x0000000080000000, 0x0000000091280000, 0x00000000d5580000)
  object space 281088K, 99% used [0x0000000080000000,0x0000000091242300,0x0000000091280000)
 Metaspace       used 60396K, committed 61952K, reserved 1114112K
  class space    used 7169K, committed 7872K, reserved 1048576K
}
Event: 36.324 GC heap after
{Heap after GC invocations=167 (full 3):
 PSYoungGen      total 14336K, used 2812K [0x00000000d5580000, 0x00000000d6880000, 0x0000000100000000)
  eden space 11264K, 0% used [0x00000000d5580000,0x00000000d5580000,0x00000000d6080000)
  from space 3072K, 91% used [0x00000000d6580000,0x00000000d683f2f8,0x00000000d6880000)
  to   space 3072K, 0% used [0x00000000d6280000,0x00000000d6280000,0x00000000d6580000)
 ParOldGen       total 284160K, used 284154K [0x0000000080000000, 0x0000000091580000, 0x00000000d5580000)
  object space 284160K, 99% used [0x0000000080000000,0x000000009157eb48,0x0000000091580000)
 Metaspace       used 60396K, committed 61952K, reserved 1114112K
  class space    used 7169K, committed 7872K, reserved 1048576K
}
Event: 36.377 GC heap before
{Heap before GC invocations=168 (full 3):
 PSYoungGen      total 14336K, used 14076K [0x00000000d5580000, 0x00000000d6880000, 0x0000000100000000)
  eden space 11264K, 100% used [0x00000000d5580000,0x00000000d6080000,0x00000000d6080000)
  from space 3072K, 91% used [0x00000000d6580000,0x00000000d683f2f8,0x00000000d6880000)
  to   space 3072K, 0% used [0x00000000d6280000,0x00000000d6280000,0x00000000d6580000)
 ParOldGen       total 284160K, used 284154K [0x0000000080000000, 0x0000000091580000, 0x00000000d5580000)
  object space 284160K, 99% used [0x0000000080000000,0x000000009157eb48,0x0000000091580000)
 Metaspace       used 60404K, committed 61952K, reserved 1114112K
  class space    used 7171K, committed 7872K, reserved 1048576K
}
Event: 36.388 GC heap after
{Heap after GC invocations=168 (full 3):
 PSYoungGen      total 14336K, used 3066K [0x00000000d5580000, 0x00000000d6d80000, 0x0000000100000000)
  eden space 11264K, 0% used [0x00000000d5580000,0x00000000d5580000,0x00000000d6080000)
  from space 3072K, 99% used [0x00000000d6280000,0x00000000d657eb18,0x00000000d6580000)
  to   space 6656K, 0% used [0x00000000d6700000,0x00000000d6700000,0x00000000d6d80000)
 ParOldGen       total 287232K, used 286837K [0x0000000080000000, 0x0000000091880000, 0x00000000d5580000)
  object space 287232K, 99% used [0x0000000080000000,0x000000009181d700,0x0000000091880000)
 Metaspace       used 60404K, committed 61952K, reserved 1114112K
  class space    used 7171K, committed 7872K, reserved 1048576K
}
Event: 36.416 GC heap before
{Heap before GC invocations=169 (full 3):
 PSYoungGen      total 14336K, used 14330K [0x00000000d5580000, 0x00000000d6d80000, 0x0000000100000000)
  eden space 11264K, 100% used [0x00000000d5580000,0x00000000d6080000,0x00000000d6080000)
  from space 3072K, 99% used [0x00000000d6280000,0x00000000d657eb18,0x00000000d6580000)
  to   space 6656K, 0% used [0x00000000d6700000,0x00000000d6700000,0x00000000d6d80000)
 ParOldGen       total 287232K, used 286837K [0x0000000080000000, 0x0000000091880000, 0x00000000d5580000)
  object space 287232K, 99% used [0x0000000080000000,0x000000009181d700,0x0000000091880000)
 Metaspace       used 60488K, committed 62016K, reserved 1114112K
  class space    used 7177K, committed 7872K, reserved 1048576K
}
Event: 36.449 GC heap after
{Heap after GC invocations=169 (full 3):
 PSYoungGen      total 18432K, used 3278K [0x00000000d5580000, 0x00000000d6c00000, 0x0000000100000000)
  eden space 13312K, 0% used [0x00000000d5580000,0x00000000d5580000,0x00000000d6280000)
  from space 5120K, 64% used [0x00000000d6700000,0x00000000d6a33a90,0x00000000d6c00000)
  to   space 4608K, 0% used [0x00000000d6280000,0x00000000d6280000,0x00000000d6700000)
 ParOldGen       total 289792K, used 289590K [0x0000000080000000, 0x0000000091b00000, 0x00000000d5580000)
  object space 289792K, 99% used [0x0000000080000000,0x0000000091acd9f8,0x0000000091b00000)
 Metaspace       used 60488K, committed 62016K, reserved 1114112K
  class space    used 7177K, committed 7872K, reserved 1048576K
}
Event: 36.477 GC heap before
{Heap before GC invocations=170 (full 3):
 PSYoungGen      total 18432K, used 16590K [0x00000000d5580000, 0x00000000d6c00000, 0x0000000100000000)
  eden space 13312K, 100% used [0x00000000d5580000,0x00000000d6280000,0x00000000d6280000)
  from space 5120K, 64% used [0x00000000d6700000,0x00000000d6a33a90,0x00000000d6c00000)
  to   space 4608K, 0% used [0x00000000d6280000,0x00000000d6280000,0x00000000d6700000)
 ParOldGen       total 289792K, used 289590K [0x0000000080000000, 0x0000000091b00000, 0x00000000d5580000)
  object space 289792K, 99% used [0x0000000080000000,0x0000000091acd9f8,0x0000000091b00000)
 Metaspace       used 60640K, committed 62144K, reserved 1114112K
  class space    used 7202K, committed 7872K, reserved 1048576K
}
Event: 36.511 GC heap after
{Heap after GC invocations=170 (full 3):
 PSYoungGen      total 17920K, used 4052K [0x00000000d5580000, 0x00000000d6e80000, 0x0000000100000000)
  eden space 13312K, 0% used [0x00000000d5580000,0x00000000d5580000,0x00000000d6280000)
  from space 4608K, 87% used [0x00000000d6280000,0x00000000d6675270,0x00000000d6700000)
  to   space 4608K, 0% used [0x00000000d6a00000,0x00000000d6a00000,0x00000000d6e80000)
 ParOldGen       total 292864K, used 292615K [0x0000000080000000, 0x0000000091e00000, 0x00000000d5580000)
  object space 292864K, 99% used [0x0000000080000000,0x0000000091dc1e78,0x0000000091e00000)
 Metaspace       used 60640K, committed 62144K, reserved 1114112K
  class space    used 7202K, committed 7872K, reserved 1048576K
}
Event: 36.542 GC heap before
{Heap before GC invocations=171 (full 3):
 PSYoungGen      total 17920K, used 17325K [0x00000000d5580000, 0x00000000d6e80000, 0x0000000100000000)
  eden space 13312K, 99% used [0x00000000d5580000,0x00000000d6276220,0x00000000d6280000)
  from space 4608K, 87% used [0x00000000d6280000,0x00000000d6675270,0x00000000d6700000)
  to   space 4608K, 0% used [0x00000000d6a00000,0x00000000d6a00000,0x00000000d6e80000)
 ParOldGen       total 292864K, used 292615K [0x0000000080000000, 0x0000000091e00000, 0x00000000d5580000)
  object space 292864K, 99% used [0x0000000080000000,0x0000000091dc1e78,0x0000000091e00000)
 Metaspace       used 60748K, committed 62336K, reserved 1114112K
  class space    used 7216K, committed 7936K, reserved 1048576K
}
Event: 36.562 GC heap after
{Heap after GC invocations=171 (full 3):
 PSYoungGen      total 17920K, used 4591K [0x00000000d5580000, 0x00000000d6e80000, 0x0000000100000000)
  eden space 13312K, 0% used [0x00000000d5580000,0x00000000d5580000,0x00000000d6280000)
  from space 4608K, 99% used [0x00000000d6a00000,0x00000000d6e7be68,0x00000000d6e80000)
  to   space 4608K, 0% used [0x00000000d6280000,0x00000000d6280000,0x00000000d6700000)
 ParOldGen       total 296960K, used 296738K [0x0000000080000000, 0x0000000092200000, 0x00000000d5580000)
  object space 296960K, 99% used [0x0000000080000000,0x00000000921c8b28,0x0000000092200000)
 Metaspace       used 60748K, committed 62336K, reserved 1114112K
  class space    used 7216K, committed 7936K, reserved 1048576K
}

