# JRE version: OpenJDK Runtime Environment Microsoft-10376486 (17.0.13+11) (build 17.0.13+11-LTS)
# Java VM: OpenJDK 64-Bit Server VM Microsoft-10376486 (17.0.13+11-LTS, mixed mode, sharing, tiered, compressed oops, compressed class ptrs, g1 gc, windows-amd64)
GC Precious Log:
 CPUs: 8 total, 8 available
 Memory: 16221M
 Large Page Support: Disabled
 NUMA Support: Disabled
 Compressed Oops: Enabled (Zero based)
 Heap Region Size: 4M
 Heap Min Capacity: 8M
 Heap Initial Capacity: 256M
 Heap Max Capacity: 8G
 Pre-touch: Disabled
 Parallel Workers: 8
 Concurrent Workers: 2
 Concurrent Refinement Workers: 8
 Periodic GC: Disabled
Heap:
 garbage-first heap   total 253952K, used 104769K [0x0000000600000000, 0x0000000800000000)
  region size 4096K, 3 young (12288K), 2 survivors (8192K)
 Metaspace       used 94601K, committed 95616K, reserved 1179648K
  class space    used 13482K, committed 13952K, reserved 1048576K
GC Heap History (20 events):
Event: 67.028 GC heap before
{Heap before GC invocations=38 (full 0):
 garbage-first heap   total 143360K, used 113884K [0x0000000600000000, 0x0000000800000000)
  region size 4096K, 10 young (40960K), 1 survivors (4096K)
 Metaspace       used 77218K, committed 78144K, reserved 1179648K
  class space    used 10905K, committed 11328K, reserved 1048576K
}
Event: 67.033 GC heap after
{Heap after GC invocations=39 (full 0):
 garbage-first heap   total 143360K, used 82523K [0x0000000600000000, 0x0000000800000000)
  region size 4096K, 2 young (8192K), 2 survivors (8192K)
 Metaspace       used 77218K, committed 78144K, reserved 1179648K
  class space    used 10905K, committed 11328K, reserved 1048576K
}
Event: 77.105 GC heap before
{Heap before GC invocations=39 (full 0):
 garbage-first heap   total 143360K, used 115291K [0x0000000600000000, 0x0000000800000000)
  region size 4096K, 10 young (40960K), 2 survivors (8192K)
 Metaspace       used 78285K, committed 79232K, reserved 1179648K
  class space    used 11065K, committed 11520K, reserved 1048576K
}
Event: 77.111 GC heap after
{Heap after GC invocations=40 (full 0):
 garbage-first heap   total 143360K, used 87203K [0x0000000600000000, 0x0000000800000000)
  region size 4096K, 2 young (8192K), 2 survivors (8192K)
 Metaspace       used 78285K, committed 79232K, reserved 1179648K
  class space    used 11065K, committed 11520K, reserved 1048576K
}
Event: 77.873 GC heap before
{Heap before GC invocations=41 (full 0):
 garbage-first heap   total 159744K, used 115875K [0x0000000600000000, 0x0000000800000000)
  region size 4096K, 9 young (36864K), 2 survivors (8192K)
 Metaspace       used 78964K, committed 79936K, reserved 1179648K
  class space    used 11156K, committed 11648K, reserved 1048576K
}
Event: 77.880 GC heap after
{Heap after GC invocations=42 (full 0):
 garbage-first heap   total 159744K, used 88536K [0x0000000600000000, 0x0000000800000000)
  region size 4096K, 1 young (4096K), 1 survivors (4096K)
 Metaspace       used 78964K, committed 79936K, reserved 1179648K
  class space    used 11156K, committed 11648K, reserved 1048576K
}
Event: 78.707 GC heap before
{Heap before GC invocations=42 (full 0):
 garbage-first heap   total 159744K, used 129496K [0x0000000600000000, 0x0000000800000000)
  region size 4096K, 11 young (45056K), 1 survivors (4096K)
 Metaspace       used 79360K, committed 80320K, reserved 1179648K
  class space    used 11173K, committed 11648K, reserved 1048576K
}
Event: 78.713 GC heap after
{Heap after GC invocations=43 (full 0):
 garbage-first heap   total 159744K, used 92218K [0x0000000600000000, 0x0000000800000000)
  region size 4096K, 2 young (8192K), 2 survivors (8192K)
 Metaspace       used 79360K, committed 80320K, reserved 1179648K
  class space    used 11173K, committed 11648K, reserved 1048576K
}
Event: 79.071 GC heap before
{Heap before GC invocations=44 (full 0):
 garbage-first heap   total 163840K, used 129082K [0x0000000600000000, 0x0000000800000000)
  region size 4096K, 11 young (45056K), 2 survivors (8192K)
 Metaspace       used 79431K, committed 80384K, reserved 1179648K
  class space    used 11173K, committed 11648K, reserved 1048576K
}
Event: 79.079 GC heap after
{Heap after GC invocations=45 (full 0):
 garbage-first heap   total 163840K, used 93978K [0x0000000600000000, 0x0000000800000000)
  region size 4096K, 2 young (8192K), 2 survivors (8192K)
 Metaspace       used 79431K, committed 80384K, reserved 1179648K
  class space    used 11173K, committed 11648K, reserved 1048576K
}
Event: 79.113 GC heap before
{Heap before GC invocations=45 (full 0):
 garbage-first heap   total 163840K, used 98074K [0x0000000600000000, 0x0000000800000000)
  region size 4096K, 3 young (12288K), 2 survivors (8192K)
 Metaspace       used 79431K, committed 80384K, reserved 1179648K
  class space    used 11173K, committed 11648K, reserved 1048576K
}
Event: 79.119 GC heap after
{Heap after GC invocations=46 (full 0):
 garbage-first heap   total 163840K, used 91442K [0x0000000600000000, 0x0000000800000000)
  region size 4096K, 1 young (4096K), 1 survivors (4096K)
 Metaspace       used 79431K, committed 80384K, reserved 1179648K
  class space    used 11173K, committed 11648K, reserved 1048576K
}
Event: 80.494 GC heap before
{Heap before GC invocations=46 (full 0):
 garbage-first heap   total 163840K, used 132402K [0x0000000600000000, 0x0000000800000000)
  region size 4096K, 11 young (45056K), 1 survivors (4096K)
 Metaspace       used 84665K, committed 85632K, reserved 1179648K
  class space    used 12278K, committed 12736K, reserved 1048576K
}
Event: 80.498 GC heap after
{Heap after GC invocations=47 (full 0):
 garbage-first heap   total 163840K, used 92162K [0x0000000600000000, 0x0000000800000000)
  region size 4096K, 1 young (4096K), 1 survivors (4096K)
 Metaspace       used 84665K, committed 85632K, reserved 1179648K
  class space    used 12278K, committed 12736K, reserved 1048576K
}
Event: 81.519 GC heap before
{Heap before GC invocations=48 (full 0):
 garbage-first heap   total 163840K, used 133122K [0x0000000600000000, 0x0000000800000000)
  region size 4096K, 11 young (45056K), 1 survivors (4096K)
 Metaspace       used 89975K, committed 91008K, reserved 1179648K
  class space    used 12933K, committed 13440K, reserved 1048576K
}
Event: 81.523 GC heap after
{Heap after GC invocations=49 (full 0):
 garbage-first heap   total 163840K, used 93319K [0x0000000600000000, 0x0000000800000000)
  region size 4096K, 2 young (8192K), 2 survivors (8192K)
 Metaspace       used 89975K, committed 91008K, reserved 1179648K
  class space    used 12933K, committed 13440K, reserved 1048576K
}
Event: 82.129 GC heap before
{Heap before GC invocations=49 (full 0):
 garbage-first heap   total 163840K, used 142471K [0x0000000600000000, 0x0000000800000000)
  region size 4096K, 12 young (49152K), 2 survivors (8192K)
 Metaspace       used 94039K, committed 95104K, reserved 1179648K
  class space    used 13410K, committed 13888K, reserved 1048576K
}
Event: 82.136 GC heap after
{Heap after GC invocations=50 (full 0):
 garbage-first heap   total 163840K, used 105229K [0x0000000600000000, 0x0000000800000000)
  region size 4096K, 2 young (8192K), 2 survivors (8192K)
 Metaspace       used 94039K, committed 95104K, reserved 1179648K
  class space    used 13410K, committed 13888K, reserved 1048576K
}
Event: 82.369 GC heap before
{Heap before GC invocations=50 (full 0):
 garbage-first heap   total 163840K, used 137997K [0x0000000600000000, 0x0000000800000000)
  region size 4096K, 10 young (40960K), 2 survivors (8192K)
 Metaspace       used 94290K, committed 95360K, reserved 1179648K
  class space    used 13431K, committed 13952K, reserved 1048576K
}
Event: 82.403 GC heap after
{Heap after GC invocations=51 (full 0):
 garbage-first heap   total 253952K, used 104769K [0x0000000600000000, 0x0000000800000000)
  region size 4096K, 2 young (8192K), 2 survivors (8192K)
 Metaspace       used 94290K, committed 95360K, reserved 1179648K
  class space    used 13431K, committed 13952K, reserved 1048576K
}

