# JRE version: OpenJDK Runtime Environment Microsoft-10376486 (17.0.13+11) (build 17.0.13+11-LTS)
# Java VM: OpenJDK 64-Bit Server VM Microsoft-10376486 (17.0.13+11-LTS, mixed mode, sharing, tiered, compressed oops, compressed class ptrs, g1 gc, windows-amd64)
GC Precious Log:
 CPUs: 8 total, 8 available
 Memory: 16221M
 Large Page Support: Disabled
 NUMA Support: Disabled
 Compressed Oops: Enabled (Zero based)
 Heap Region Size: 4M
 Heap Min Capacity: 8M
 Heap Initial Capacity: 256M
 Heap Max Capacity: 8G
 Pre-touch: Disabled
 Parallel Workers: 8
 Concurrent Workers: 2
 Concurrent Refinement Workers: 8
 Periodic GC: Disabled
Heap:
 garbage-first heap   total 708608K, used 240823K [0x0000000600000000, 0x0000000800000000)
  region size 4096K, 5 young (20480K), 5 survivors (20480K)
 Metaspace       used 158965K, committed 159936K, reserved 1245184K
  class space    used 19905K, committed 20352K, reserved 1048576K
GC Heap History (20 events):
Event: 56.352 GC heap after
{Heap after GC invocations=78 (full 0):
 garbage-first heap   total 708608K, used 175663K [0x0000000600000000, 0x0000000800000000)
  region size 4096K, 5 young (20480K), 5 survivors (20480K)
 Metaspace       used 145029K, committed 145920K, reserved 1179648K
  class space    used 18499K, committed 18880K, reserved 1048576K
}
Event: 59.449 GC heap before
{Heap before GC invocations=78 (full 0):
 garbage-first heap   total 708608K, used 577071K [0x0000000600000000, 0x0000000800000000)
  region size 4096K, 103 young (421888K), 5 survivors (20480K)
 Metaspace       used 146532K, committed 147392K, reserved 1179648K
  class space    used 18615K, committed 19008K, reserved 1048576K
}
Event: 59.456 GC heap after
{Heap after GC invocations=79 (full 0):
 garbage-first heap   total 708608K, used 177830K [0x0000000600000000, 0x0000000800000000)
  region size 4096K, 5 young (20480K), 5 survivors (20480K)
 Metaspace       used 146532K, committed 147392K, reserved 1179648K
  class space    used 18615K, committed 19008K, reserved 1048576K
}
Event: 60.138 GC heap before
{Heap before GC invocations=79 (full 0):
 garbage-first heap   total 708608K, used 579238K [0x0000000600000000, 0x0000000800000000)
  region size 4096K, 103 young (421888K), 5 survivors (20480K)
 Metaspace       used 146596K, committed 147456K, reserved 1179648K
  class space    used 18616K, committed 19008K, reserved 1048576K
}
Event: 60.145 GC heap after
{Heap after GC invocations=80 (full 0):
 garbage-first heap   total 708608K, used 177031K [0x0000000600000000, 0x0000000800000000)
  region size 4096K, 5 young (20480K), 5 survivors (20480K)
 Metaspace       used 146596K, committed 147456K, reserved 1179648K
  class space    used 18616K, committed 19008K, reserved 1048576K
}
Event: 60.728 GC heap before
{Heap before GC invocations=80 (full 0):
 garbage-first heap   total 708608K, used 578439K [0x0000000600000000, 0x0000000800000000)
  region size 4096K, 103 young (421888K), 5 survivors (20480K)
 Metaspace       used 146599K, committed 147456K, reserved 1179648K
  class space    used 18616K, committed 19008K, reserved 1048576K
}
Event: 60.738 GC heap after
{Heap after GC invocations=81 (full 0):
 garbage-first heap   total 708608K, used 179061K [0x0000000600000000, 0x0000000800000000)
  region size 4096K, 4 young (16384K), 4 survivors (16384K)
 Metaspace       used 146599K, committed 147456K, reserved 1179648K
  class space    used 18616K, committed 19008K, reserved 1048576K
}
Event: 61.615 GC heap before
{Heap before GC invocations=81 (full 0):
 garbage-first heap   total 708608K, used 584565K [0x0000000600000000, 0x0000000800000000)
  region size 4096K, 103 young (421888K), 4 survivors (16384K)
 Metaspace       used 146599K, committed 147456K, reserved 1179648K
  class space    used 18616K, committed 19008K, reserved 1048576K
}
Event: 61.620 GC heap after
{Heap after GC invocations=82 (full 0):
 garbage-first heap   total 708608K, used 179237K [0x0000000600000000, 0x0000000800000000)
  region size 4096K, 4 young (16384K), 4 survivors (16384K)
 Metaspace       used 146599K, committed 147456K, reserved 1179648K
  class space    used 18616K, committed 19008K, reserved 1048576K
}
Event: 63.663 GC heap before
{Heap before GC invocations=82 (full 0):
 garbage-first heap   total 708608K, used 584741K [0x0000000600000000, 0x0000000800000000)
  region size 4096K, 103 young (421888K), 4 survivors (16384K)
 Metaspace       used 150717K, committed 151616K, reserved 1245184K
  class space    used 19036K, committed 19456K, reserved 1048576K
}
Event: 63.673 GC heap after
{Heap after GC invocations=83 (full 0):
 garbage-first heap   total 708608K, used 178775K [0x0000000600000000, 0x0000000800000000)
  region size 4096K, 6 young (24576K), 6 survivors (24576K)
 Metaspace       used 150717K, committed 151616K, reserved 1245184K
  class space    used 19036K, committed 19456K, reserved 1048576K
}
Event: 75.638 GC heap before
{Heap before GC invocations=83 (full 0):
 garbage-first heap   total 708608K, used 580183K [0x0000000600000000, 0x0000000800000000)
  region size 4096K, 103 young (421888K), 6 survivors (24576K)
 Metaspace       used 156673K, committed 157696K, reserved 1245184K
  class space    used 19703K, committed 20160K, reserved 1048576K
}
Event: 75.660 GC heap after
{Heap after GC invocations=84 (full 0):
 garbage-first heap   total 708608K, used 222868K [0x0000000600000000, 0x0000000800000000)
  region size 4096K, 13 young (53248K), 13 survivors (53248K)
 Metaspace       used 156673K, committed 157696K, reserved 1245184K
  class space    used 19703K, committed 20160K, reserved 1048576K
}
Event: 76.283 GC heap before
{Heap before GC invocations=84 (full 0):
 garbage-first heap   total 708608K, used 571028K [0x0000000600000000, 0x0000000800000000)
  region size 4096K, 99 young (405504K), 13 survivors (53248K)
 Metaspace       used 158652K, committed 159616K, reserved 1245184K
  class space    used 19888K, committed 20352K, reserved 1048576K
}
Event: 76.305 GC heap after
{Heap after GC invocations=85 (full 0):
 garbage-first heap   total 708608K, used 232208K [0x0000000600000000, 0x0000000800000000)
  region size 4096K, 3 young (12288K), 3 survivors (12288K)
 Metaspace       used 158652K, committed 159616K, reserved 1245184K
  class space    used 19888K, committed 20352K, reserved 1048576K
}
Event: 76.708 GC heap before
{Heap before GC invocations=85 (full 0):
 garbage-first heap   total 708608K, used 576272K [0x0000000600000000, 0x0000000800000000)
  region size 4096K, 88 young (360448K), 3 survivors (12288K)
 Metaspace       used 158928K, committed 159872K, reserved 1245184K
  class space    used 19905K, committed 20352K, reserved 1048576K
}
Event: 76.713 GC heap after
{Heap after GC invocations=86 (full 0):
 garbage-first heap   total 708608K, used 236153K [0x0000000600000000, 0x0000000800000000)
  region size 4096K, 4 young (16384K), 4 survivors (16384K)
 Metaspace       used 158928K, committed 159872K, reserved 1245184K
  class space    used 19905K, committed 20352K, reserved 1048576K
}
Event: 77.091 GC heap before
{Heap before GC invocations=86 (full 0):
 garbage-first heap   total 708608K, used 580217K [0x0000000600000000, 0x0000000800000000)
  region size 4096K, 89 young (364544K), 4 survivors (16384K)
 Metaspace       used 158953K, committed 159936K, reserved 1245184K
  class space    used 19905K, committed 20352K, reserved 1048576K
}
Event: 77.096 GC heap after
{Heap after GC invocations=87 (full 0):
 garbage-first heap   total 708608K, used 236843K [0x0000000600000000, 0x0000000800000000)
  region size 4096K, 4 young (16384K), 4 survivors (16384K)
 Metaspace       used 158953K, committed 159936K, reserved 1245184K
  class space    used 19905K, committed 20352K, reserved 1048576K
}
Event: 77.381 GC heap before
{Heap before GC invocations=87 (full 0):
 garbage-first heap   total 708608K, used 580907K [0x0000000600000000, 0x0000000800000000)
  region size 4096K, 89 young (364544K), 4 survivors (16384K)
 Metaspace       used 158965K, committed 159936K, reserved 1245184K
  class space    used 19905K, committed 20352K, reserved 1048576K
}

