# JRE version: OpenJDK Runtime Environment Microsoft-10376486 (17.0.13+11) (build 17.0.13+11-LTS)
# Java VM: OpenJDK 64-Bit Server VM Microsoft-10376486 (17.0.13+11-LTS, mixed mode, sharing, tiered, compressed oops, compressed class ptrs, g1 gc, windows-amd64)
GC Precious Log:
 CPUs: 8 total, 8 available
 Memory: 16221M
 Large Page Support: Disabled
 NUMA Support: Disabled
 Compressed Oops: Enabled (Zero based)
 Heap Region Size: 4M
 Heap Min Capacity: 8M
 Heap Initial Capacity: 256M
 Heap Max Capacity: 8G
 Pre-touch: Disabled
 Parallel Workers: 8
 Concurrent Workers: 2
 Concurrent Refinement Workers: 8
 Periodic GC: Disabled
Heap:
 garbage-first heap   total 729088K, used 533216K [0x0000000600000000, 0x0000000800000000)
  region size 4096K, 89 young (364544K), 1 survivors (4096K)
 Metaspace       used 141220K, committed 142080K, reserved 1179648K
  class space    used 18192K, committed 18560K, reserved 1048576K
GC Heap History (20 events):
Event: 19.883 GC heap before
{Heap before GC invocations=39 (full 0):
 garbage-first heap   total 204800K, used 164469K [0x0000000600000000, 0x0000000800000000)
  region size 4096K, 13 young (53248K), 2 survivors (8192K)
 Metaspace       used 119539K, committed 120256K, reserved 1179648K
  class space    used 15905K, committed 16256K, reserved 1048576K
}
Event: 19.889 GC heap after
{Heap after GC invocations=40 (full 0):
 garbage-first heap   total 204800K, used 123484K [0x0000000600000000, 0x0000000800000000)
  region size 4096K, 1 young (4096K), 1 survivors (4096K)
 Metaspace       used 119539K, committed 120256K, reserved 1179648K
  class space    used 15905K, committed 16256K, reserved 1048576K
}
Event: 20.536 GC heap before
{Heap before GC invocations=41 (full 0):
 garbage-first heap   total 225280K, used 164444K [0x0000000600000000, 0x0000000800000000)
  region size 4096K, 11 young (45056K), 1 survivors (4096K)
 Metaspace       used 125360K, committed 126144K, reserved 1179648K
  class space    used 16461K, committed 16832K, reserved 1048576K
}
Event: 20.539 GC heap after
{Heap after GC invocations=42 (full 0):
 garbage-first heap   total 225280K, used 124455K [0x0000000600000000, 0x0000000800000000)
  region size 4096K, 2 young (8192K), 2 survivors (8192K)
 Metaspace       used 125360K, committed 126144K, reserved 1179648K
  class space    used 16461K, committed 16832K, reserved 1048576K
}
Event: 21.277 GC heap before
{Heap before GC invocations=42 (full 0):
 garbage-first heap   total 225280K, used 177703K [0x0000000600000000, 0x0000000800000000)
  region size 4096K, 15 young (61440K), 2 survivors (8192K)
 Metaspace       used 131935K, committed 132800K, reserved 1179648K
  class space    used 17088K, committed 17472K, reserved 1048576K
}
Event: 21.281 GC heap after
{Heap after GC invocations=43 (full 0):
 garbage-first heap   total 225280K, used 126456K [0x0000000600000000, 0x0000000800000000)
  region size 4096K, 1 young (4096K), 1 survivors (4096K)
 Metaspace       used 131935K, committed 132800K, reserved 1179648K
  class space    used 17088K, committed 17472K, reserved 1048576K
}
Event: 21.979 GC heap before
{Heap before GC invocations=44 (full 0):
 garbage-first heap   total 233472K, used 179704K [0x0000000600000000, 0x0000000800000000)
  region size 4096K, 14 young (57344K), 1 survivors (4096K)
 Metaspace       used 135487K, committed 136320K, reserved 1179648K
  class space    used 17682K, committed 18048K, reserved 1048576K
}
Event: 21.984 GC heap after
{Heap after GC invocations=45 (full 0):
 garbage-first heap   total 233472K, used 121263K [0x0000000600000000, 0x0000000800000000)
  region size 4096K, 2 young (8192K), 2 survivors (8192K)
 Metaspace       used 135487K, committed 136320K, reserved 1179648K
  class space    used 17682K, committed 18048K, reserved 1048576K
}
Event: 22.511 GC heap before
{Heap before GC invocations=45 (full 0):
 garbage-first heap   total 233472K, used 145839K [0x0000000600000000, 0x0000000800000000)
  region size 4096K, 10 young (40960K), 2 survivors (8192K)
 Metaspace       used 136689K, committed 137536K, reserved 1179648K
  class space    used 17844K, committed 18240K, reserved 1048576K
}
Event: 22.516 GC heap after
{Heap after GC invocations=46 (full 0):
 garbage-first heap   total 233472K, used 126740K [0x0000000600000000, 0x0000000800000000)
  region size 4096K, 3 young (12288K), 3 survivors (12288K)
 Metaspace       used 136689K, committed 137536K, reserved 1179648K
  class space    used 17844K, committed 18240K, reserved 1048576K
}
Event: 22.664 GC heap before
{Heap before GC invocations=46 (full 0):
 garbage-first heap   total 303104K, used 192276K [0x0000000600000000, 0x0000000800000000)
  region size 4096K, 18 young (73728K), 3 survivors (12288K)
 Metaspace       used 138263K, committed 139072K, reserved 1179648K
  class space    used 17921K, committed 18304K, reserved 1048576K
}
Event: 22.675 GC heap after
{Heap after GC invocations=47 (full 0):
 garbage-first heap   total 303104K, used 153490K [0x0000000600000000, 0x0000000800000000)
  region size 4096K, 3 young (12288K), 3 survivors (12288K)
 Metaspace       used 138263K, committed 139072K, reserved 1179648K
  class space    used 17921K, committed 18304K, reserved 1048576K
}
Event: 22.788 GC heap before
{Heap before GC invocations=48 (full 0):
 garbage-first heap   total 303104K, used 231314K [0x0000000600000000, 0x0000000800000000)
  region size 4096K, 22 young (90112K), 3 survivors (12288K)
 Metaspace       used 139852K, committed 140800K, reserved 1179648K
  class space    used 18070K, committed 18496K, reserved 1048576K
}
Event: 22.798 GC heap after
{Heap after GC invocations=49 (full 0):
 garbage-first heap   total 303104K, used 173114K [0x0000000600000000, 0x0000000800000000)
  region size 4096K, 3 young (12288K), 3 survivors (12288K)
 Metaspace       used 139852K, committed 140800K, reserved 1179648K
  class space    used 18070K, committed 18496K, reserved 1048576K
}
Event: 22.882 GC heap before
{Heap before GC invocations=49 (full 0):
 garbage-first heap   total 303104K, used 230458K [0x0000000600000000, 0x0000000800000000)
  region size 4096K, 17 young (69632K), 3 survivors (12288K)
 Metaspace       used 140454K, committed 141376K, reserved 1179648K
  class space    used 18152K, committed 18560K, reserved 1048576K
}
Event: 22.891 GC heap after
{Heap after GC invocations=50 (full 0):
 garbage-first heap   total 303104K, used 176989K [0x0000000600000000, 0x0000000800000000)
  region size 4096K, 1 young (4096K), 1 survivors (4096K)
 Metaspace       used 140454K, committed 141376K, reserved 1179648K
  class space    used 18152K, committed 18560K, reserved 1048576K
}
Event: 22.978 GC heap before
{Heap before GC invocations=50 (full 0):
 garbage-first heap   total 303104K, used 238429K [0x0000000600000000, 0x0000000800000000)
  region size 4096K, 16 young (65536K), 1 survivors (4096K)
 Metaspace       used 140666K, committed 141568K, reserved 1179648K
  class space    used 18167K, committed 18560K, reserved 1048576K
}
Event: 22.980 GC heap after
{Heap after GC invocations=51 (full 0):
 garbage-first heap   total 303104K, used 176460K [0x0000000600000000, 0x0000000800000000)
  region size 4096K, 1 young (4096K), 1 survivors (4096K)
 Metaspace       used 140666K, committed 141568K, reserved 1179648K
  class space    used 18167K, committed 18560K, reserved 1048576K
}
Event: 23.055 GC heap before
{Heap before GC invocations=51 (full 0):
 garbage-first heap   total 364544K, used 241996K [0x0000000600000000, 0x0000000800000000)
  region size 4096K, 17 young (69632K), 1 survivors (4096K)
 Metaspace       used 140746K, committed 141632K, reserved 1179648K
  class space    used 18169K, committed 18560K, reserved 1048576K
}
Event: 23.091 GC heap after
{Heap after GC invocations=52 (full 0):
 garbage-first heap   total 729088K, used 176864K [0x0000000600000000, 0x0000000800000000)
  region size 4096K, 1 young (4096K), 1 survivors (4096K)
 Metaspace       used 140746K, committed 141632K, reserved 1179648K
  class space    used 18169K, committed 18560K, reserved 1048576K
}

